#
# There is insufficient memory for the Java Runtime Environment to continue.
# Native memory allocation (mmap) failed to map 134217728 bytes for G1 virtual space
# Possible reasons:
#   The system is out of physical RAM or swap space
#   The process is running with CompressedOops enabled, and the Java Heap may be blocking the growth of the native heap
# Possible solutions:
#   Reduce memory load on the system
#   Increase physical memory or swap space
#   Check if swap backing store is full
#   Decrease Java heap size (-Xmx/-Xms)
#   Decrease number of Java threads
#   Decrease Java thread stack sizes (-Xss)
#   Set larger code cache with -XX:ReservedCodeCacheSize=
#   JVM is running with Unscaled Compressed Oops mode in which the Java heap is
#     placed in the first 4GB address space. The Java Heap base address is the
#     maximum limit for the native heap growth. Please use -XX:HeapBaseMinAddress
#     to set the Java Heap base and to place the Java Heap above 4GB virtual address.
# This output file may be truncated or incomplete.
#
#  Out of Memory Error (os_windows.cpp:3530), pid=6604, tid=2724
#
# JRE version:  (18.0.1.1+2) (build )
# Java VM: Java HotSpot(TM) 64-Bit Server VM (18.0.1.1+2-6, mixed mode, sharing, tiered, compressed oops, compressed class ptrs, g1 gc, windows-amd64)
# No core dump will be written. Minidumps are not enabled by default on client versions of Windows
#

---------------  S U M M A R Y ------------

Command Line: -javaagent:C:\Users\Max\AppData\Local\JetBrains\Toolbox\apps\IDEA-U\ch-0\222.4167.29\lib\idea_rt.jar=57464:C:\Users\Max\AppData\Local\JetBrains\Toolbox\apps\IDEA-U\ch-0\222.4167.29\bin -Dfile.encoding=UTF-8 -Dsun.stdout.encoding=UTF-8 -Dsun.stderr.encoding=UTF-8 Main

Host: Intel(R) Core(TM) i3-4030U CPU @ 1.90GHz, 4 cores, 7G,  Windows 8.1 , 64 bit Build 9600 (6.3.9600.20389)
Time: Tue Sep 20 15:58:36 2022 RTZ 2 (зима) elapsed time: 0.020283 seconds (0d 0h 0m 0s)

---------------  T H R E A D  ---------------

Current thread (0x0000003d83a06c30):  JavaThread "Unknown thread" [_thread_in_vm, id=2724, stack(0x0000003d830a0000,0x0000003d831a0000)]

Stack: [0x0000003d830a0000,0x0000003d831a0000]
Native frames: (J=compiled Java code, j=interpreted, Vv=VM code, C=native code)
V  [jvm.dll+0x69887a]
V  [jvm.dll+0x7f38bd]
V  [jvm.dll+0x7f51ce]
V  [jvm.dll+0x7f5883]
V  [jvm.dll+0x25ca3f]
V  [jvm.dll+0x6957c9]
V  [jvm.dll+0x68a2fa]
V  [jvm.dll+0x321efb]
V  [jvm.dll+0x3298d6]
V  [jvm.dll+0x37e47e]
V  [jvm.dll+0x37e6af]
V  [jvm.dll+0x2f9c7a]
V  [jvm.dll+0x2facdd]
V  [jvm.dll+0x7c24f0]
V  [jvm.dll+0x38b801]
V  [jvm.dll+0x7a1203]
V  [jvm.dll+0x40d6bf]
V  [jvm.dll+0x40f091]
C  [jli.dll+0x526b]
C  [ucrtbase.DLL+0x1d912]
C  [KERNEL32.DLL+0x1412]
C  [ntdll.dll+0x15504]


---------------  P R O C E S S  ---------------

Threads class SMR info:
_java_thread_list=0x00007ff84de2d550, length=0, elements={
}

Java Threads: ( => current thread )

Other Threads:
  0x0000003d83a66a30 WorkerThread "GC Thread#0" [stack: 0x0000003d83840000,0x0000003d83940000] [id=5492]
  0x0000003d83a782e0 ConcurrentGCThread "G1 Main Marker" [stack: 0x0000003d9ee90000,0x0000003d9ef90000] [id=4844]
  0x0000003d83a78cd0 WorkerThread "G1 Conc#0" [stack: 0x0000003d9ef90000,0x0000003d9f090000] [id=6068]

[error occurred during error reporting (printing all threads), id 0xc0000005, EXCEPTION_ACCESS_VIOLATION (0xc0000005) at pc=0x00007ff84d65a217]

VM state: not at safepoint (not fully initialized)

VM Mutex/Monitor currently owned by a thread:  ([mutex/lock_event])
[0x0000003d83a03110] Heap_lock - owner thread: 0x0000003d83a06c30

Heap address: 0x0000000081200000, size: 2030 MB, Compressed Oops mode: 32-bit

CDS archive(s) mapped at: [0x0000000000000000-0x0000000000000000-0x0000000000000000), size 0, SharedBaseAddress: 0x0000000800000000, ArchiveRelocationMode: 0.
Narrow klass base: 0x0000000000000000, Narrow klass shift: 0, Narrow klass range: 0x0

GC Precious Log:
 CardTable entry size: 512
 Card Set container configuration: InlinePtr #cards 5 size 8 Array Of Cards #cards 12 size 40 Howl #buckets 4 coarsen threshold 1843 Howl Bitmap #cards 512 size 80 coarsen threshold 460 Card regions per heap region 1 cards per card region 2048

Heap:
 garbage-first heap   total 0K, used 0K [0x0000000081200000, 0x0000000100000000)
  region size 1024K, 0 young (0K), 0 survivors (0K)

[error occurred during error reporting (printing heap information), id 0xc0000005, EXCEPTION_ACCESS_VIOLATION (0xc0000005) at pc=0x00007ff84da40cb9]

GC Heap History (0 events):
No events

Deoptimization events (0 events):
No events

Classes loaded (0 events):
No events

Classes unloaded (0 events):
No events

Classes redefined (0 events):
No events

Internal exceptions (0 events):
No events

VM Operations (0 events):
No events

Events (1 events):
Event: 0.012 Loaded shared library C:\Program Files\Java\jdk18\bin\java.dll


Dynamic libraries:
0x00007ff6bde60000 - 0x00007ff6bde70000 	C:\Program Files\Java\jdk18\bin\java.exe
0x00007ff89eb40000 - 0x00007ff89eced000 	C:\WINDOWS\SYSTEM32\ntdll.dll
0x00007ff89c280000 - 0x00007ff89c3bf000 	C:\WINDOWS\system32\KERNEL32.DLL
0x00007ff89be40000 - 0x00007ff89bf55000 	C:\WINDOWS\system32\KERNELBASE.dll
0x00007ff884810000 - 0x00007ff884828000 	C:\Program Files\Java\jdk18\bin\jli.dll
0x00007ff87d130000 - 0x00007ff87d14a000 	C:\Program Files\Java\jdk18\bin\VCRUNTIME140.dll
0x00007ff897a30000 - 0x00007ff897a34000 	C:\Program Files\Java\jdk18\bin\api-ms-win-crt-stdio-l1-1-0.dll
0x00007ff87d120000 - 0x00007ff87d124000 	C:\Program Files\Java\jdk18\bin\api-ms-win-crt-runtime-l1-1-0.dll
0x00007ff87d110000 - 0x00007ff87d113000 	C:\Program Files\Java\jdk18\bin\api-ms-win-crt-environment-l1-1-0.dll
0x00007ff87d100000 - 0x00007ff87d105000 	C:\Program Files\Java\jdk18\bin\api-ms-win-crt-math-l1-1-0.dll
0x00007ff87d0f0000 - 0x00007ff87d0f3000 	C:\Program Files\Java\jdk18\bin\api-ms-win-crt-locale-l1-1-0.dll
0x00007ff87d0e0000 - 0x00007ff87d0e3000 	C:\Program Files\Java\jdk18\bin\api-ms-win-crt-heap-l1-1-0.dll
0x00007ff89c7e0000 - 0x00007ff89c88d000 	C:\WINDOWS\system32\ADVAPI32.dll
0x00007ff898670000 - 0x00007ff8988eb000 	C:\WINDOWS\WinSxS\amd64_microsoft.windows.common-controls_6595b64144ccf1df_6.0.9600.19394_none_62486577ecb635cf\COMCTL32.dll
0x00007ff89c3c0000 - 0x00007ff89c537000 	C:\WINDOWS\system32\USER32.dll
0x00007ff897350000 - 0x00007ff89735a000 	C:\WINDOWS\SYSTEM32\VERSION.dll
0x00007ff87c610000 - 0x00007ff87c613000 	C:\Program Files\Java\jdk18\bin\api-ms-win-crt-filesystem-l1-1-0.dll
0x00007ff87ad90000 - 0x00007ff87ad94000 	C:\Program Files\Java\jdk18\bin\api-ms-win-crt-string-l1-1-0.dll
0x00007ff87ad80000 - 0x00007ff87ad84000 	C:\Program Files\Java\jdk18\bin\api-ms-win-crt-convert-l1-1-0.dll
0x00007ff89c8d0000 - 0x00007ff89c97a000 	C:\WINDOWS\system32\msvcrt.dll
0x00007ff89c980000 - 0x00007ff89c9db000 	C:\WINDOWS\SYSTEM32\sechost.dll
0x00007ff89e640000 - 0x00007ff89e775000 	C:\WINDOWS\system32\RPCRT4.dll
0x00007ff89e070000 - 0x00007ff89e1be000 	C:\WINDOWS\system32\GDI32.dll
0x00007ff879280000 - 0x00007ff87937a000 	C:\Program Files\Java\jdk18\bin\ucrtbase.DLL
0x00007ff89bd00000 - 0x00007ff89bd2e000 	C:\WINDOWS\system32\SspiCli.dll
0x00007ff89c890000 - 0x00007ff89c8c6000 	C:\WINDOWS\system32\IMM32.DLL
0x00007ff89c9e0000 - 0x00007ff89cb31000 	C:\WINDOWS\system32\MSCTF.dll
0x00007ff87ad70000 - 0x00007ff87ad7c000 	C:\Program Files\Java\jdk18\bin\vcruntime140_1.dll
0x00007ff8791f0000 - 0x00007ff87927d000 	C:\Program Files\Java\jdk18\bin\msvcp140.dll
0x00007ff8791e0000 - 0x00007ff8791e3000 	C:\Program Files\Java\jdk18\bin\api-ms-win-crt-time-l1-1-0.dll
0x00007ff8791d0000 - 0x00007ff8791d3000 	C:\Program Files\Java\jdk18\bin\api-ms-win-crt-utility-l1-1-0.dll
0x00007ff84d350000 - 0x00007ff84df60000 	C:\Program Files\Java\jdk18\bin\server\jvm.dll
0x00007ff882b00000 - 0x00007ff882b09000 	C:\WINDOWS\SYSTEM32\WSOCK32.dll
0x00007ff884ed0000 - 0x00007ff884ef2000 	C:\WINDOWS\SYSTEM32\WINMM.dll
0x00007ff89e1c0000 - 0x00007ff89e1c7000 	C:\WINDOWS\system32\PSAPI.DLL
0x00007ff89ea60000 - 0x00007ff89eaba000 	C:\WINDOWS\system32\WS2_32.dll
0x00007ff884ea0000 - 0x00007ff884eca000 	C:\WINDOWS\SYSTEM32\WINMMBASE.dll
0x00007ff89e390000 - 0x00007ff89e399000 	C:\WINDOWS\system32\NSI.dll
0x00007ff89bcb0000 - 0x00007ff89bcff000 	C:\WINDOWS\SYSTEM32\cfgmgr32.dll
0x00007ff89aa00000 - 0x00007ff89aa28000 	C:\WINDOWS\SYSTEM32\DEVOBJ.dll
0x00007ff8791c0000 - 0x00007ff8791ca000 	C:\Program Files\Java\jdk18\bin\jimage.dll
0x00007ff893d10000 - 0x00007ff893e9a000 	C:\WINDOWS\SYSTEM32\DBGHELP.DLL
0x00007ff897ea0000 - 0x00007ff897eae000 	C:\Program Files\Java\jdk18\bin\instrument.dll
0x00007ff879190000 - 0x00007ff8791b5000 	C:\Program Files\Java\jdk18\bin\java.dll

dbghelp: loaded successfully - version: 4.0.5 - missing functions: none
symbol engine: initialized successfully - sym options: 0x614 - pdb path: .;C:\Program Files\Java\jdk18\bin;C:\WINDOWS\SYSTEM32;C:\WINDOWS\WinSxS\amd64_microsoft.windows.common-controls_6595b64144ccf1df_6.0.9600.19394_none_62486577ecb635cf;C:\Program Files\Java\jdk18\bin\server

VM Arguments:
jvm_args: -javaagent:C:\Users\Max\AppData\Local\JetBrains\Toolbox\apps\IDEA-U\ch-0\222.4167.29\lib\idea_rt.jar=57464:C:\Users\Max\AppData\Local\JetBrains\Toolbox\apps\IDEA-U\ch-0\222.4167.29\bin -Dfile.encoding=UTF-8 -Dsun.stdout.encoding=UTF-8 -Dsun.stderr.encoding=UTF-8 
java_command: Main
java_class_path (initial): C:\Users\Max\IdeaProjects\Spring-http\target\classes;C:\Users\Max\.m2\repository\org\apache\httpcomponents\httpclient\4.5.13\httpclient-4.5.13.jar;C:\Users\Max\.m2\repository\org\apache\httpcomponents\httpcore\4.4.13\httpcore-4.4.13.jar;C:\Users\Max\.m2\repository\commons-logging\commons-logging\1.2\commons-logging-1.2.jar;C:\Users\Max\.m2\repository\commons-codec\commons-codec\1.11\commons-codec-1.11.jar
Launcher Type: SUN_STANDARD

[Global flags]
     intx CICompilerCount                          = 3                                         {product} {ergonomic}
     uint ConcGCThreads                            = 1                                         {product} {ergonomic}
     uint G1ConcRefinementThreads                  = 4                                         {product} {ergonomic}
   size_t G1HeapRegionSize                         = 1048576                                   {product} {ergonomic}
    uintx GCDrainStackTargetSize                   = 64                                        {product} {ergonomic}
   size_t InitialHeapSize                          = 134217728                                 {product} {ergonomic}
   size_t MarkStackSize                            = 4194304                                   {product} {ergonomic}
   size_t MaxHeapSize                              = 2128609280                                {product} {ergonomic}
   size_t MinHeapDeltaBytes                        = 1048576                                   {product} {ergonomic}
   size_t MinHeapSize                              = 8388608                                   {product} {ergonomic}
    uintx NonNMethodCodeHeapSize                   = 5832780                                {pd product} {ergonomic}
    uintx NonProfiledCodeHeapSize                  = 122912730                              {pd product} {ergonomic}
     bool PerfDisableSharedMem                     = true                                      {product} {ergonomic}
    uintx ProfiledCodeHeapSize                     = 122912730                              {pd product} {ergonomic}
    uintx ReservedCodeCacheSize                    = 251658240                              {pd product} {ergonomic}
     bool SegmentedCodeCache                       = true                                      {product} {ergonomic}
   size_t SoftMaxHeapSize                          = 2128609280                             {manageable} {ergonomic}
     bool UseCompressedClassPointers               = true                           {product lp64_product} {ergonomic}
     bool UseCompressedOops                        = true                           {product lp64_product} {ergonomic}
     bool UseG1GC                                  = true                                      {product} {ergonomic}
     bool UseLargePagesIndividualAllocation        = false                                  {pd product} {ergonomic}

Logging:
Log output configuration:
 #0: stdout all=warning uptime,level,tags foldmultilines=false
 #1: stderr all=off uptime,level,tags foldmultilines=false

Environment Variables:
JAVA_HOME=C:\Program Files\Java\jdk18
PATH=C:\Program Files\Common Files\Oracle\Java\javapath;C:\Program Files (x86)\Common Files\Oracle\Java\javapath;C:\Program Files (x86)\Lenovo\FusionEngine;C:\Program Files (x86)\Intel\iCLS Client\;C:\Program Files\Intel\iCLS Client\;C:\WINDOWS\system32;C:\WINDOWS;C:\WINDOWS\System32\Wbem;C:\WINDOWS\System32\WindowsPowerShell\v1.0\;C:\Program Files\Intel\Intel(R) Management Engine Components\DAL;C:\Program Files\Intel\Intel(R) Management Engine Components\IPT;C:\Program Files (x86)\Intel\Intel(R) Management Engine Components\DAL;C:\Program Files (x86)\Intel\Intel(R) Management Engine Components\IPT;C:\Program Files\Intel\WiFi\bin\;C:\Program Files\Common Files\Intel\WirelessCommon\;C:\Program Files (x86)\Common Files\lenovo\easyplussdk\bin;C:\Program Files (x86)\Skype\Phone\;C:\Program Files (x86)\Brackets\command;C:\Program Files\Git\cmd;C:\Program Files\Java\jdk18\bin;C:\Users\Max\AppData\Local\JetBrains\Toolbox\scripts
USERNAME=Max
OS=Windows_NT
PROCESSOR_IDENTIFIER=Intel64 Family 6 Model 69 Stepping 1, GenuineIntel



---------------  S Y S T E M  ---------------

OS:
 Windows 8.1 , 64 bit Build 9600 (6.3.9600.20389)
OS uptime: 0 days 0:27 hours

CPU: total 4 (initial active 4) (2 cores per cpu, 2 threads per core) family 6 model 69 stepping 1 microcode 0x18, cx8, cmov, fxsr, ht, mmx, sse, sse2, sse3, ssse3, sse4.1, sse4.2, popcnt, lzcnt, tsc, tscinvbit, avx, avx2, aes, erms, clmul, bmi1, bmi2, fma, vzeroupper, clflush

Memory: 4k page, system-wide physical 8115M (1172M free)
TotalPageFile size 8115M (AvailPageFile size 34M)
current process WorkingSet (physical memory assigned to process): 9M, peak: 9M
current process commit charge ("private bytes"): 52M, peak: 179M

vm_info: Java HotSpot(TM) 64-Bit Server VM (18.0.1.1+2-6) for windows-amd64 JRE (18.0.1.1+2-6), built on Apr 25 2022 21:53:15 by "mach5one" with MS VC++ 16.8 / 16.9 (VS2019)

END.
